0 [140077593278272] FATAL root <> - Fatal....
0 [140077593278272] ERROR root <> - Error....
0 [140077593278272] WARN root <> - Warn....
0 [140077593278272] INFO root <> - Info....
0 [140077593278272] DEBUG root <> - Debug....
0 [140604186494784] FATAL root <> - Fatal....
1 [140604186494784] ERROR root <> - Error....
1 [140604186494784] WARN root <> - Warn....
1 [140604186494784] INFO root <> - Info....
1 [140604186494784] DEBUG root <> - Debug....
0 [140540774168384] INFO root <> - Node main application started
0 [140404279043904] INFO root <> - Node main application started
218 [140404279043904] INFO root <> - Attempt to allocate 512 MB memory on GPU 
218 [140404279043904] INFO root <> - Free memory: 511.977 MB Total memory: 1023.69 MB
219 [140404279043904] ERROR root <> - Main gpu array allocation failed! - %s
out of memory
219 [140404279043904] INFO root <> - Free memory: 511.977 MB Total memory: 1023.69 MB
219 [140404279043904] INFO root <> - Attempt to allocate 256 MB memory on GPU 
219 [140404279043904] INFO root <> - Free memory: 511.977 MB Total memory: 1023.69 MB
219 [140404279043904] INFO root <> - Main gpu array allocated successfully
219 [140404279043904] INFO root <> - Free memory: 255.961 MB Total memory: 1023.69 MB
0 [140650734901056] INFO root <> - Node main application started
233 [140650734901056] INFO root <> - Attempt to allocate 512 MB memory on GPU 
233 [140650734901056] INFO root <> - Free memory: 511.977 MB Total memory: 1023.69 MB
234 [140650734901056] ERROR root <> - Main gpu array allocation failed! - %s
out of memory
234 [140650734901056] INFO root <> - Free memory: 511.977 MB Total memory: 1023.69 MB
234 [140650734901056] INFO root <> - Attempt to allocate 256 MB memory on GPU 
234 [140650734901056] INFO root <> - Free memory: 511.977 MB Total memory: 1023.69 MB
234 [140650734901056] INFO root <> - Main gpu array allocated successfully
234 [140650734901056] INFO root <> - Free memory: 255.961 MB Total memory: 1023.69 MB
